build	Build with Gradle	∩╗┐2026-04-17T01:08:46.3594517Z ##[group]Run gradle assembleDebug
build	Build with Gradle	2026-04-17T01:08:46.3594882Z [36;1mgradle assembleDebug[0m
build	Build with Gradle	2026-04-17T01:08:46.3620723Z shell: /usr/bin/bash -e {0}
build	Build with Gradle	2026-04-17T01:08:46.3620988Z env:
build	Build with Gradle	2026-04-17T01:08:46.3621298Z   JAVA_HOME: /opt/hostedtoolcache/Java_Temurin-Hotspot_jdk/17.0.18-8/x64
build	Build with Gradle	2026-04-17T01:08:46.3621764Z   JAVA_HOME_17_X64: /opt/hostedtoolcache/Java_Temurin-Hotspot_jdk/17.0.18-8/x64
build	Build with Gradle	2026-04-17T01:08:46.3622163Z   GRADLE_ACTION_ID: gradle/actions/setup-gradle
build	Build with Gradle	2026-04-17T01:08:46.3622466Z   GRADLE_BUILD_ACTION_SETUP_COMPLETED: true
build	Build with Gradle	2026-04-17T01:08:46.3622772Z   GRADLE_BUILD_ACTION_CACHE_RESTORED: true
build	Build with Gradle	2026-04-17T01:08:46.3623240Z   DEVELOCITY_INJECTION_INIT_SCRIPT_NAME: gradle-actions.inject-develocity.init.gradle
build	Build with Gradle	2026-04-17T01:08:46.3623736Z   DEVELOCITY_AUTO_INJECTION_CUSTOM_VALUE: gradle-actions
build	Build with Gradle	2026-04-17T01:08:46.3624063Z   GITHUB_DEPENDENCY_GRAPH_ENABLED: false
build	Build with Gradle	2026-04-17T01:08:46.3624318Z ##[endgroup]
build	Build with Gradle	2026-04-17T01:08:47.4933090Z 
build	Build with Gradle	2026-04-17T01:08:47.4934410Z Welcome to Gradle 8.4!
build	Build with Gradle	2026-04-17T01:08:47.4934825Z 
build	Build with Gradle	2026-04-17T01:08:47.4936521Z Here are the highlights of this release:
build	Build with Gradle	2026-04-17T01:08:47.4937782Z  - Compiling and testing with Java 21
build	Build with Gradle	2026-04-17T01:08:47.4939132Z  - Faster Java compilation on Windows
build	Build with Gradle	2026-04-17T01:08:47.4940940Z  - Role focused dependency configurations creation
build	Build with Gradle	2026-04-17T01:08:47.4941563Z 
build	Build with Gradle	2026-04-17T01:08:47.4943425Z For more details see https://docs.gradle.org/8.4/release-notes.html
build	Build with Gradle	2026-04-17T01:08:47.4944182Z 
build	Build with Gradle	2026-04-17T01:08:48.0921219Z Starting a Gradle Daemon (subsequent builds will be faster)
build	Build with Gradle	2026-04-17T01:09:18.9977001Z > Task :app:preBuild UP-TO-DATE
build	Build with Gradle	2026-04-17T01:09:18.9994564Z > Task :app:preDebugBuild UP-TO-DATE
build	Build with Gradle	2026-04-17T01:09:19.0927545Z > Task :app:mergeDebugNativeDebugMetadata NO-SOURCE
build	Build with Gradle	2026-04-17T01:09:19.0950849Z > Task :app:checkKotlinGradlePluginConfigurationErrors
build	Build with Gradle	2026-04-17T01:09:25.6943007Z > Task :app:dataBindingMergeDependencyArtifactsDebug
build	Build with Gradle	2026-04-17T01:09:25.6954992Z > Task :app:generateDebugResValues
build	Build with Gradle	2026-04-17T01:09:25.7001514Z > Task :app:generateDebugResources
build	Build with Gradle	2026-04-17T01:09:27.6951719Z > Task :app:packageDebugResources
build	Build with Gradle	2026-04-17T01:09:28.6920399Z > Task :app:parseDebugLocalResources
build	Build with Gradle	2026-04-17T01:09:28.6931494Z > Task :app:mergeDebugResources
build	Build with Gradle	2026-04-17T01:09:28.7920027Z > Task :app:checkDebugAarMetadata
build	Build with Gradle	2026-04-17T01:09:29.0940109Z > Task :app:dataBindingGenBaseClassesDebug
build	Build with Gradle	2026-04-17T01:09:29.0972570Z > Task :app:mapDebugSourceSetPaths
build	Build with Gradle	2026-04-17T01:09:29.1022497Z > Task :app:createDebugCompatibleScreenManifests
build	Build with Gradle	2026-04-17T01:09:29.1051239Z > Task :app:extractDeepLinksDebug
build	Build with Gradle	2026-04-17T01:09:29.4929722Z 
build	Build with Gradle	2026-04-17T01:09:29.4952282Z > Task :app:processDebugMainManifest
build	Build with Gradle	2026-04-17T01:09:29.4981818Z package="com.phoneaios.app" found in source AndroidManifest.xml: /home/runner/work/PhoneAIOS/PhoneAIOS/app/src/main/AndroidManifest.xml.
build	Build with Gradle	2026-04-17T01:09:29.4983370Z Setting the namespace via the package attribute in the source AndroidManifest.xml is no longer supported, and the value is ignored.
build	Build with Gradle	2026-04-17T01:09:29.4984966Z Recommendation: remove package="com.phoneaios.app" from the source AndroidManifest.xml: /home/runner/work/PhoneAIOS/PhoneAIOS/app/src/main/AndroidManifest.xml.
build	Build with Gradle	2026-04-17T01:09:29.5919998Z 
build	Build with Gradle	2026-04-17T01:09:29.5920907Z > Task :app:processDebugManifest
build	Build with Gradle	2026-04-17T01:09:31.0951561Z > Task :app:javaPreCompileDebug
build	Build with Gradle	2026-04-17T01:09:31.0952610Z > Task :app:mergeDebugShaders
build	Build with Gradle	2026-04-17T01:09:31.1012652Z > Task :app:compileDebugShaders NO-SOURCE
build	Build with Gradle	2026-04-17T01:09:31.1026926Z > Task :app:generateDebugAssets UP-TO-DATE
build	Build with Gradle	2026-04-17T01:09:31.1921117Z > Task :app:mergeDebugAssets
build	Build with Gradle	2026-04-17T01:09:31.1950984Z > Task :app:compressDebugAssets
build	Build with Gradle	2026-04-17T01:09:32.9951024Z > Task :app:desugarDebugFileDependencies
build	Build with Gradle	2026-04-17T01:09:32.9956357Z > Task :app:mergeDebugJniLibFolders
build	Build with Gradle	2026-04-17T01:09:32.9956851Z > Task :app:checkDebugDuplicateClasses
build	Build with Gradle	2026-04-17T01:09:59.5931337Z > Task :app:processDebugManifestForPackage
build	Build with Gradle	2026-04-17T01:10:00.3931255Z > Task :app:mergeDebugNativeLibs
build	Build with Gradle	2026-04-17T01:10:02.4944969Z > Task :app:mergeLibDexDebug
build	Build with Gradle	2026-04-17T01:10:03.0975289Z > Task :app:mergeExtDexDebug
build	Build with Gradle	2026-04-17T01:10:04.0920712Z 
build	Build with Gradle	2026-04-17T01:10:04.0948423Z > Task :app:stripDebugDebugSymbols
build	Build with Gradle	2026-04-17T01:10:04.0971021Z Unable to strip the following libraries, packaging them as they are: libmediapipe_tasks_text_jni.so.
build	Build with Gradle	2026-04-17T01:10:04.3930871Z 
build	Build with Gradle	2026-04-17T01:10:04.3941099Z > Task :app:processDebugResources FAILED
build	Build with Gradle	2026-04-17T01:10:05.7941383Z > Task :app:validateSigningDebug
build	Build with Gradle	2026-04-17T01:10:07.0956989Z 
build	Build with Gradle	2026-04-17T01:10:07.0957541Z 27 actionable tasks: 27 executed
build	Build with Gradle	2026-04-17T01:10:07.0980858Z FAILURE: Build failed with an exception.
build	Build with Gradle	2026-04-17T01:10:07.1010545Z 
build	Build with Gradle	2026-04-17T01:10:07.1046048Z * What went wrong:
build	Build with Gradle	2026-04-17T01:10:07.1062541Z Execution failed for task ':app:processDebugResources'.
build	Build with Gradle	2026-04-17T01:10:07.1113901Z > A failure occurred while executing com.android.build.gradle.internal.res.LinkApplicationAndroidResourcesTask$TaskAction
build	Build with Gradle	2026-04-17T01:10:07.1130678Z    > Android resource linking failed
build	Build with Gradle	2026-04-17T01:10:07.1155230Z      ERROR: /home/runner/work/PhoneAIOS/PhoneAIOS/app/src/main/AndroidManifest.xml:10:5-45:19: AAPT: error: resource mipmap/ic_launcher (aka com.phoneaios.app:mipmap/ic_launcher) not found.
build	Build with Gradle	2026-04-17T01:10:07.1156604Z          
build	Build with Gradle	2026-04-17T01:10:07.1157816Z      ERROR: /home/runner/work/PhoneAIOS/PhoneAIOS/app/src/main/AndroidManifest.xml:10:5-45:19: AAPT: error: resource mipmap/ic_launcher_round (aka com.phoneaios.app:mipmap/ic_launcher_round) not found.
build	Build with Gradle	2026-04-17T01:10:07.1159140Z          
build	Build with Gradle	2026-04-17T01:10:07.1159298Z 
build	Build with Gradle	2026-04-17T01:10:07.1159418Z * Try:
build	Build with Gradle	2026-04-17T01:10:07.1159771Z > Run with --stacktrace option to get the stack trace.
build	Build with Gradle	2026-04-17T01:10:07.1160702Z > Run with --info or --debug option to get more log output.
build	Build with Gradle	2026-04-17T01:10:07.1169968Z > Run with --scan to get full insights.
build	Build with Gradle	2026-04-17T01:10:07.1170643Z > Get more help at https://help.gradle.org.
build	Build with Gradle	2026-04-17T01:10:07.1170963Z 
build	Build with Gradle	2026-04-17T01:10:07.1181899Z BUILD FAILED in 1m 20s
build	Build with Gradle	2026-04-17T01:10:07.5464039Z ##[error]Process completed with exit code 1.
